<?xml version="1.0" encoding="UTF-8"?>
<testng-results skipped="0" failed="0" ignored="0" total="1" passed="1">
  <reporter-output>
  </reporter-output>
  <suite name="Suite" duration-ms="6858" started-at="2022-05-29T23:35:16 PDT" finished-at="2022-05-29T23:35:23 PDT">
    <groups>
    </groups>
    <test name="Test" duration-ms="6858" started-at="2022-05-29T23:35:16 PDT" finished-at="2022-05-29T23:35:23 PDT">
      <class name="com.tcs.testCases.LoginTest">
        <test-method status="PASS" signature="setup()[pri:0, instance:com.tcs.testCases.LoginTest@482bce4f]" name="setup" is-config="true" duration-ms="2014" started-at="2022-05-29T23:35:16 PDT" finished-at="2022-05-29T23:35:18 PDT">
          <reporter-output>
          </reporter-output>
        </test-method> <!-- setup -->
        <test-method status="PASS" signature="LaunchUrl()[pri:0, instance:com.tcs.testCases.LoginTest@482bce4f]" name="LaunchUrl" is-config="true" duration-ms="2097" started-at="2022-05-29T23:35:18 PDT" finished-at="2022-05-29T23:35:20 PDT">
          <reporter-output>
          </reporter-output>
        </test-method> <!-- LaunchUrl -->
        <test-method status="PASS" signature="testLogin()[pri:0, instance:com.tcs.testCases.LoginTest@482bce4f]" name="testLogin" duration-ms="1992" started-at="2022-05-29T23:35:20 PDT" finished-at="2022-05-29T23:35:22 PDT">
          <reporter-output>
          </reporter-output>
        </test-method> <!-- testLogin -->
        <test-method status="PASS" signature="tearDown()[pri:0, instance:com.tcs.testCases.LoginTest@482bce4f]" name="tearDown" is-config="true" duration-ms="691" started-at="2022-05-29T23:35:22 PDT" finished-at="2022-05-29T23:35:23 PDT">
          <reporter-output>
          </reporter-output>
        </test-method> <!-- tearDown -->
      </class> <!-- com.tcs.testCases.LoginTest -->
    </test> <!-- Test -->
  </suite> <!-- Suite -->
</testng-results>
