<?xml version="1.0" encoding="UTF-8"?>
<testng-results skipped="0" failed="0" ignored="0" total="1" passed="1">
  <reporter-output>
    <line>
      <![CDATA[Actual Url: Autocrib :: AutoCrib :: Home  ExpUrl: Autocrib :: AutoCrib :: Home User loggin successfully]]>
    </line>
  </reporter-output>
  <suite name="Suite" duration-ms="7765" started-at="2022-06-03T17:55:02 PDT" finished-at="2022-06-03T17:55:10 PDT">
    <groups>
    </groups>
    <test name="Test" duration-ms="7765" started-at="2022-06-03T17:55:02 PDT" finished-at="2022-06-03T17:55:10 PDT">
      <class name="com.tcs.testCases.LoginTest">
        <test-method status="PASS" signature="setup()[pri:0, instance:com.tcs.testCases.LoginTest@4310d43]" name="setup" is-config="true" duration-ms="1855" started-at="2022-06-03T17:55:02 PDT" finished-at="2022-06-03T17:55:04 PDT">
          <reporter-output>
          </reporter-output>
        </test-method> <!-- setup -->
        <test-method status="PASS" signature="LaunchUrl()[pri:0, instance:com.tcs.testCases.LoginTest@4310d43]" name="LaunchUrl" is-config="true" duration-ms="2175" started-at="2022-06-03T17:55:04 PDT" finished-at="2022-06-03T17:55:06 PDT">
          <reporter-output>
          </reporter-output>
        </test-method> <!-- LaunchUrl -->
        <test-method status="PASS" signature="testLogin()[pri:0, instance:com.tcs.testCases.LoginTest@4310d43]" name="testLogin" duration-ms="3252" started-at="2022-06-03T17:55:06 PDT" finished-at="2022-06-03T17:55:09 PDT">
          <reporter-output>
            <line>
              <![CDATA[Actual Url: Autocrib :: AutoCrib :: Home  ExpUrl: Autocrib :: AutoCrib :: Home User loggin successfully]]>
            </line>
          </reporter-output>
        </test-method> <!-- testLogin -->
        <test-method status="PASS" signature="tearDown()[pri:0, instance:com.tcs.testCases.LoginTest@4310d43]" name="tearDown" is-config="true" duration-ms="248" started-at="2022-06-03T17:55:10 PDT" finished-at="2022-06-03T17:55:10 PDT">
          <reporter-output>
          </reporter-output>
        </test-method> <!-- tearDown -->
      </class> <!-- com.tcs.testCases.LoginTest -->
    </test> <!-- Test -->
  </suite> <!-- Suite -->
</testng-results>
